Using pre-set license
Built from '2020.3/staging' branch; Version is '2020.3.13f1 (71691879b7f5) revision 7432472'; Using compiler version '192528614'; Build Type 'Release'
OS: 'Windows 7  (6.1.0) 64bit' Language: 'zh' Physical Memory: 10184 MB
BatchMode: 1, IsHumanControllingUs: 0, StartBugReporterOnCrash: 0, Is64bit: 1, IsPro: 0

 COMMAND LINE ARGUMENTS:
C:\Program Files\Unity\Hub\Editor\2020.3.13f1\Editor\Unity.exe
-adb2
-batchMode
-noUpm
-name
AssetImportWorker0
-projectPath
D:/jia_hui/作業Unity/2021_Unity_2D_effect/2021_Unity_2D_effect/2DEffect
-logFile
Logs/AssetImportWorker0.log
-srvPort
64119
Successfully changed project path to: D:/jia_hui/作業Unity/2021_Unity_2D_effect/2021_Unity_2D_effect/2DEffect
D:/jia_hui/作業Unity/2021_Unity_2D_effect/2021_Unity_2D_effect/2DEffect
Using Asset Import Pipeline V2.
Refreshing native plugins compatible for Editor in 62.93 ms, found 3 plugins.
Preloading 0 native plugins for Editor in 0.00 ms.
Initialize engine version: 2020.3.13f1 (71691879b7f5)
[Subsystems] Discovering subsystems at path C:/Program Files/Unity/Hub/Editor/2020.3.13f1/Editor/Data/Resources/UnitySubsystems
[Subsystems] Discovering subsystems at path D:/jia_hui/作業Unity/2021_Unity_2D_effect/2021_Unity_2D_effect/2DEffect/Assets
GfxDevice: creating device client; threaded=0
d3d11: CreateDXGIFactory2(...) not found, fallbacking to CreateDXGIFactory1(...).
d3d11: QueryInterface(IDXGIFactory5) failed (80004002).
Direct3D:
    Version:  Direct3D 11.0 [level 11.0]
    Renderer: NVIDIA GeForce GTX 650 (ID=0xfc6)
    Vendor:   
    VRAM:     960 MB
    Driver:   24.21.13.9882
Initialize mono
Mono path[0] = 'C:/Program Files/Unity/Hub/Editor/2020.3.13f1/Editor/Data/Managed'
Mono path[1] = 'C:/Program Files/Unity/Hub/Editor/2020.3.13f1/Editor/Data/MonoBleedingEdge/lib/mono/unityjit'
Mono config path = 'C:/Program Files/Unity/Hub/Editor/2020.3.13f1/Editor/Data/MonoBleedingEdge/etc'
Using monoOptions --debugger-agent=transport=dt_socket,embedding=1,server=y,suspend=n,address=127.0.0.1:56504
Begin MonoManager ReloadAssembly
Registering precompiled unity dll's ...
Register platform support module: C:/Program Files/Unity/Hub/Editor/2020.3.13f1/Editor/Data/PlaybackEngines/WindowsStandaloneSupport/UnityEditor.WindowsStandalone.Extensions.dll
Registered in 0.001545 seconds.
Native extension for WindowsStandalone target not found
Refreshing native plugins compatible for Editor in 67.58 ms, found 3 plugins.
Preloading 0 native plugins for Editor in 0.00 ms.
Mono: successfully reloaded assembly
- Completed reload, in  1.517 seconds
Platform modules already initialized, skipping
Registering precompiled user dll's ...
Registered in 0.003296 seconds.
Begin MonoManager ReloadAssembly
Native extension for WindowsStandalone target not found
Refreshing native plugins compatible for Editor in 65.03 ms, found 3 plugins.
Preloading 0 native plugins for Editor in 0.00 ms.
Mono: successfully reloaded assembly
- Completed reload, in  1.646 seconds
Platform modules already initialized, skipping
========================================================================
Worker process is ready to serve import requests
Launched and connected shader compiler UnityShaderCompiler.exe after 0.06 seconds
Refreshing native plugins compatible for Editor in 0.52 ms, found 3 plugins.
Preloading 0 native plugins for Editor in 0.00 ms.
Unloading 2084 Unused Serialized files (Serialized files now loaded: 0)
System memory in use before: 92.9 MB.
System memory in use after: 92.8 MB.

Unloading 33 unused Assets to reduce memory usage. Loaded Objects now: 2517.
Total: 2.791763 ms (FindLiveObjects: 0.214107 ms CreateObjectMapping: 0.137152 ms MarkObjects: 2.278217 ms  DeleteObjects: 0.160425 ms)

AssetImportParameters requested are different than current active one (requested -> active):
  custom:framework-win-MediaFoundation: 216162199b28c13a410421893ffa2e32 -> 
  custom:video-decoder-ogg-theora: a1e56fd34408186e4bbccfd4996cb3dc -> 
  custom:container-muxer-webm: aa71ff27fc2769a1b78a27578f13a17b -> 
  custom:container-demuxer-webm: 4f35f7cbe854078d1ac9338744f61a02 -> 
  custom:container-demuxer-ogg: 62fdf1f143b41e24485cea50d1cbac27 -> 
  custom:video-encoder-webm-vp8: eb34c28f22e8b96e1ab97ce403110664 -> 
  custom:video-decoder-webm-vp8: 9c59270c3fd7afecdb556c50c9e8de78 -> 
  custom:audio-decoder-ogg-vorbis: bf7c407c2cedff20999df2af8eb42d56 -> 
  custom:audio-encoder-webm-vorbis: bf7c407c2cedff20999df2af8eb42d56 -> 
========================================================================
Received Import Request.
  path: Assets/New Project (2).png
  artifactKey: Guid(b9ced919db0caf34daea82c523f22610) Importer(815301076,1909f56bfc062723c751e8b465ee728b)
Start importing Assets/New Project (2).png using Guid(b9ced919db0caf34daea82c523f22610) Importer(815301076,1909f56bfc062723c751e8b465ee728b)  -> (artifact id: '8e0153f6cec9d4d46c24d2570f6fd19c') in 0.429272 seconds 
  Import took 0.447030 seconds .

========================================================================
Received Import Request.
  Time since last request: 20.868910 seconds.
  path: Assets/火焰.mat
  artifactKey: Guid(164c7586b5a55684a8828113f8555cb9) Importer(815301076,1909f56bfc062723c751e8b465ee728b)
Start importing Assets/火焰.mat using Guid(164c7586b5a55684a8828113f8555cb9) Importer(815301076,1909f56bfc062723c751e8b465ee728b)  -> (artifact id: '344e1b8e41213305b80befbdcfb12b4c') in 0.597116 seconds 
  Import took 0.602060 seconds .

========================================================================
Received Import Request.
  Time since last request: 7.278569 seconds.
  path: Assets/火焰.png
  artifactKey: Guid(b9ced919db0caf34daea82c523f22610) Importer(815301076,1909f56bfc062723c751e8b465ee728b)
Start importing Assets/火焰.png using Guid(b9ced919db0caf34daea82c523f22610) Importer(815301076,1909f56bfc062723c751e8b465ee728b)  -> (artifact id: 'b11f78b9a4b7d84d4bd1390b89112875') in 0.036643 seconds 
  Import took 0.049707 seconds .

========================================================================
Received Import Request.
  Time since last request: 1490.209032 seconds.
  path: Assets/火焰.mat
  artifactKey: Guid(164c7586b5a55684a8828113f8555cb9) Importer(815301076,1909f56bfc062723c751e8b465ee728b)
Start importing Assets/火焰.mat using Guid(164c7586b5a55684a8828113f8555cb9) Importer(815301076,1909f56bfc062723c751e8b465ee728b)  -> (artifact id: '6e0dd7b0e3c01bd3e2532ff2d723a863') in 0.027556 seconds 
  Import took 0.048281 seconds .

========================================================================
Received Import Request.
  Time since last request: 3.153757 seconds.
  path: Assets
  artifactKey: Guid(00000000000000001000000000000000) Importer(815301076,1909f56bfc062723c751e8b465ee728b)
Start importing Assets using Guid(00000000000000001000000000000000) Importer(815301076,1909f56bfc062723c751e8b465ee728b)  -> (artifact id: '42d402b061de3733987d63b9cc3b64de') in 0.027845 seconds 
  Import took 0.032715 seconds .

========================================================================
Received Import Request.
  Time since last request: 4.242254 seconds.
  path: Assets/圖片
  artifactKey: Guid(9a0a9126f22207d4bb6e4cddc13413a4) Importer(815301076,1909f56bfc062723c751e8b465ee728b)
Start importing Assets/圖片 using Guid(9a0a9126f22207d4bb6e4cddc13413a4) Importer(815301076,1909f56bfc062723c751e8b465ee728b)  -> (artifact id: '8e532f9ee865eb5ca7dca1e1b9277aaf') in 0.011427 seconds 
  Import took 0.018736 seconds .

========================================================================
Received Import Request.
  Time since last request: 9.590926 seconds.
  path: Assets/元素
  artifactKey: Guid(9a0a9126f22207d4bb6e4cddc13413a4) Importer(815301076,1909f56bfc062723c751e8b465ee728b)
Start importing Assets/元素 using Guid(9a0a9126f22207d4bb6e4cddc13413a4) Importer(815301076,1909f56bfc062723c751e8b465ee728b)  -> (artifact id: '8b59657ed8dadb6230696df9265ba50e') in 0.008071 seconds 
  Import took 0.012687 seconds .

========================================================================
Received Import Request.
  Time since last request: 666.396521 seconds.
  path: Assets/元素/新增專案.png
  artifactKey: Guid(3d7bbdb8b41259942b605beb638077af) Importer(815301076,1909f56bfc062723c751e8b465ee728b)
Start importing Assets/元素/新增專案.png using Guid(3d7bbdb8b41259942b605beb638077af) Importer(815301076,1909f56bfc062723c751e8b465ee728b)  -> (artifact id: 'a967368b57ec20d1674e0f6b89ace393') in 0.029250 seconds 
  Import took 0.049002 seconds .

========================================================================
Received Import Request.
  Time since last request: 23.598112 seconds.
  path: Assets/元素/傳送門.png
  artifactKey: Guid(3d7bbdb8b41259942b605beb638077af) Importer(815301076,1909f56bfc062723c751e8b465ee728b)
Start importing Assets/元素/傳送門.png using Guid(3d7bbdb8b41259942b605beb638077af) Importer(815301076,1909f56bfc062723c751e8b465ee728b)  -> (artifact id: 'a103886bbe255475f9ef42e1f3cf5f12') in 0.039093 seconds 
  Import took 0.044313 seconds .

========================================================================
Received Import Request.
  Time since last request: 56.614073 seconds.
  path: Assets/元素/傳送門.mat
  artifactKey: Guid(5a34eac7f499ee2488aba28346954fd5) Importer(815301076,1909f56bfc062723c751e8b465ee728b)
Start importing Assets/元素/傳送門.mat using Guid(5a34eac7f499ee2488aba28346954fd5) Importer(815301076,1909f56bfc062723c751e8b465ee728b)  -> (artifact id: '9d04553413c31f0607031bee27746dcc') in 0.030939 seconds 
  Import took 0.037165 seconds .

========================================================================
Received Import Request.
  Time since last request: 162.499112 seconds.
  path: Assets/元素/新增專案 (1).png
  artifactKey: Guid(f3d33cf532a26ad4cb2a1fe2f4d25c2f) Importer(815301076,1909f56bfc062723c751e8b465ee728b)
Start importing Assets/元素/新增專案 (1).png using Guid(f3d33cf532a26ad4cb2a1fe2f4d25c2f) Importer(815301076,1909f56bfc062723c751e8b465ee728b)  -> (artifact id: '1254045cbcc66875b33442d7707f453a') in 0.036658 seconds 
  Import took 0.044328 seconds .

========================================================================
Received Import Request.
  Time since last request: 0.004810 seconds.
  path: Assets/元素/新增專案 (1).png
  artifactKey: Guid(f3d33cf532a26ad4cb2a1fe2f4d25c2f) Importer(815301076,1909f56bfc062723c751e8b465ee728b)
Start importing Assets/元素/新增專案 (1).png using Guid(f3d33cf532a26ad4cb2a1fe2f4d25c2f) Importer(815301076,1909f56bfc062723c751e8b465ee728b)  -> (artifact id: '1254045cbcc66875b33442d7707f453a') in 0.018525 seconds 
  Import took 0.023098 seconds .

========================================================================
Received Import Request.
  Time since last request: 17.937780 seconds.
  path: Assets/元素/傳送門.png
  artifactKey: Guid(f3d33cf532a26ad4cb2a1fe2f4d25c2f) Importer(815301076,1909f56bfc062723c751e8b465ee728b)
Start importing Assets/元素/傳送門.png using Guid(f3d33cf532a26ad4cb2a1fe2f4d25c2f) Importer(815301076,1909f56bfc062723c751e8b465ee728b)  -> (artifact id: '8e2735d2a5aad3e38ec48dc9a45d286f') in 0.022116 seconds 
  Import took 0.026565 seconds .

========================================================================
Received Import Request.
  Time since last request: 444.843867 seconds.
  path: Assets/元素/傳送門.mat
  artifactKey: Guid(5a34eac7f499ee2488aba28346954fd5) Importer(815301076,1909f56bfc062723c751e8b465ee728b)
Start importing Assets/元素/傳送門.mat using Guid(5a34eac7f499ee2488aba28346954fd5) Importer(815301076,1909f56bfc062723c751e8b465ee728b)  -> (artifact id: '6e2e36c7255d5b8f4e44c313ba7b4f6e') in 0.020354 seconds 
  Import took 0.025862 seconds .

========================================================================
Received Import Request.
  Time since last request: 0.019223 seconds.
  path: Assets/元素/傳送門.mat
  artifactKey: Guid(5a34eac7f499ee2488aba28346954fd5) Importer(815301076,1909f56bfc062723c751e8b465ee728b)
Start importing Assets/元素/傳送門.mat using Guid(5a34eac7f499ee2488aba28346954fd5) Importer(815301076,1909f56bfc062723c751e8b465ee728b)  -> (artifact id: '6e2e36c7255d5b8f4e44c313ba7b4f6e') in 0.010580 seconds 
  Import took 0.015453 seconds .

========================================================================
Received Import Request.
  Time since last request: 1028.789765 seconds.
  path: Assets/元素/新增專案 (2).png
  artifactKey: Guid(2b1558d1af6fb9b49b83f41b2c9f6628) Importer(815301076,1909f56bfc062723c751e8b465ee728b)
Start importing Assets/元素/新增專案 (2).png using Guid(2b1558d1af6fb9b49b83f41b2c9f6628) Importer(815301076,1909f56bfc062723c751e8b465ee728b)  -> (artifact id: 'fdeced9f23cbfae75de76bc94b31a13a') in 0.031544 seconds 
  Import took 0.038118 seconds .

========================================================================
Received Import Request.
  Time since last request: 0.007299 seconds.
  path: Assets/元素/新增專案 (2).png
  artifactKey: Guid(2b1558d1af6fb9b49b83f41b2c9f6628) Importer(815301076,1909f56bfc062723c751e8b465ee728b)
Start importing Assets/元素/新增專案 (2).png using Guid(2b1558d1af6fb9b49b83f41b2c9f6628) Importer(815301076,1909f56bfc062723c751e8b465ee728b)  -> (artifact id: 'fdeced9f23cbfae75de76bc94b31a13a') in 0.022569 seconds 
  Import took 0.028391 seconds .

========================================================================
Received Import Request.
  Time since last request: 14.792788 seconds.
  path: Assets/元素/傳送門.png
  artifactKey: Guid(2b1558d1af6fb9b49b83f41b2c9f6628) Importer(815301076,1909f56bfc062723c751e8b465ee728b)
Start importing Assets/元素/傳送門.png using Guid(2b1558d1af6fb9b49b83f41b2c9f6628) Importer(815301076,1909f56bfc062723c751e8b465ee728b)  -> (artifact id: 'e171c470c31d0288494b601a3c81749a') in 0.028036 seconds 
  Import took 0.052861 seconds .

========================================================================
Received Import Request.
  Time since last request: 911.969348 seconds.
  path: Assets/元素/新增專案 (3).png
  artifactKey: Guid(76b0813f43935dc46a536ba975c0bfea) Importer(815301076,1909f56bfc062723c751e8b465ee728b)
Start importing Assets/元素/新增專案 (3).png using Guid(76b0813f43935dc46a536ba975c0bfea) Importer(815301076,1909f56bfc062723c751e8b465ee728b)  -> (artifact id: '634c14265e52fd98149f927212640315') in 0.028255 seconds 
  Import took 0.041431 seconds .

========================================================================
Received Import Request.
  Time since last request: 15.096715 seconds.
  path: Assets/元素/傳送門.png
  artifactKey: Guid(76b0813f43935dc46a536ba975c0bfea) Importer(815301076,1909f56bfc062723c751e8b465ee728b)
Start importing Assets/元素/傳送門.png using Guid(76b0813f43935dc46a536ba975c0bfea) Importer(815301076,1909f56bfc062723c751e8b465ee728b)  -> (artifact id: '04aeb28e9b256fa21a90bf26a807410f') in 0.021208 seconds 
  Import took 0.029641 seconds .

========================================================================
Received Import Request.
  Time since last request: 439.228931 seconds.
  path: Assets/元素/傳送門.mat
  artifactKey: Guid(5a34eac7f499ee2488aba28346954fd5) Importer(815301076,1909f56bfc062723c751e8b465ee728b)
Start importing Assets/元素/傳送門.mat using Guid(5a34eac7f499ee2488aba28346954fd5) Importer(815301076,1909f56bfc062723c751e8b465ee728b)  -> (artifact id: 'c87a5e6d0139b9c321ba4fb26d580798') in 0.027366 seconds 
  Import took 0.054655 seconds .

